\BOOKMARK [0][-]{table.caption.2}{\376\377\000M\000u\000l\002\033\000u\000m\000i\000r\000i}{}% 1
\BOOKMARK [0][-]{chapter*.3}{\376\377\000A\000b\000s\000t\000r\000a\000c\000t}{}% 2
\BOOKMARK [0][-]{chapter.1}{\376\377\0001\000\040\000I\000n\000t\000r\000o\000d\000u\000c\000e\000r\000e}{}% 3
\BOOKMARK [1][-]{section.1.1}{\376\377\0001\000.\0001\000\040\000C\000o\000n\000t\000e\000x\000t}{chapter.1}% 4
\BOOKMARK [2][-]{subsection.1.1.1}{\376\377\0001\000.\0001\000.\0001\000\040\000D\000e\000f\000i\000n\000i\000r\000e\000a\000\040\000p\000r\000o\000b\000l\000e\000m\000e\000i}{section.1.1}% 5
\BOOKMARK [2][-]{subsection.1.1.2}{\376\377\0001\000.\0001\000.\0002\000\040\000O\000b\000i\000e\000c\000t\000i\000v\000e}{section.1.1}% 6
\BOOKMARK [2][-]{subsection.1.1.3}{\376\377\0001\000.\0001\000.\0003\000\040\000S\000u\000s\002\033\000i\000n\000e\000r\000e\000\040\002\031\000t\000i\000i\000n\002\033\000i\000f\000i\000c\001\003}{section.1.1}% 7
\BOOKMARK [1][-]{section.1.2}{\376\377\0001\000.\0002\000\040\000S\000o\000l\000u\002\033\000i\000a\000\040\000p\000r\000o\000p\000u\000s\001\003}{chapter.1}% 8
\BOOKMARK [1][-]{section.1.3}{\376\377\0001\000.\0003\000\040\000R\000e\000z\000u\000l\000t\000a\000t\000e\000\040\000o\000b\002\033\000i\000n\000u\000t\000e}{chapter.1}% 9
\BOOKMARK [1][-]{section.1.4}{\376\377\0001\000.\0004\000\040\000S\000t\000r\000u\000c\000t\000u\000r\000a\000\040\000l\000u\000c\000r\001\003\000r\000i\000i}{chapter.1}% 10
\BOOKMARK [0][-]{chapter.2}{\376\377\0002\000\040\000A\000n\000a\000l\000i\000z\000a\000\040\000p\000r\000o\000b\000l\000e\000m\000e\000i\000\040\000/\000\040\000M\000o\000t\000i\000v\000a\002\033\000i\000a\000\040\000p\000r\000o\000i\000e\000c\000t\000u\000l\000u\000i}{}% 11
\BOOKMARK [1][-]{section.2.1}{\376\377\0002\000.\0001\000\040\000P\000l\000a\000j\000a\000\040\000d\000e\000\040\000u\000t\000i\000l\000i\000z\000a\000t\000o\000r\000i}{chapter.2}% 12
\BOOKMARK [2][-]{subsection.2.1.1}{\376\377\0002\000.\0001\000.\0001\000\040\000C\000a\000t\000e\000g\000o\000r\000i\000i}{section.2.1}% 13
\BOOKMARK [2][-]{subsection.2.1.2}{\376\377\0002\000.\0001\000.\0002\000\040\000P\000r\000o\000f\000i\000l\000u\000l\000\040\000u\000t\000i\000l\000i\000z\000a\000t\000o\000r\000u\000l\000u\000i}{section.2.1}% 14
\BOOKMARK [1][-]{section.2.2}{\376\377\0002\000.\0002\000\040\000M\000o\000t\000i\000v\000a\002\033\000i\000a\000\040\000p\000r\000o\000i\000e\000c\000t\000u\000l\000u\000i}{chapter.2}% 15
\BOOKMARK [1][-]{section.2.3}{\376\377\0002\000.\0003\000\040\000C\000e\000r\000i\000n\002\033\000e\000\040\000f\000u\000n\000c\002\033\000i\000o\000n\000a\000l\000e}{chapter.2}% 16
\BOOKMARK [1][-]{section.2.4}{\376\377\0002\000.\0004\000\040\000C\000e\000r\000i\000n\002\033\000e\000\040\000n\000e\000f\000u\000n\000c\002\033\000i\000o\000n\000a\000l\000e}{chapter.2}% 17
\BOOKMARK [1][-]{section.2.5}{\376\377\0002\000.\0005\000\040\000L\000i\000m\000i\000t\001\003\000r\000i}{chapter.2}% 18
\BOOKMARK [0][-]{chapter.3}{\376\377\0003\000\040\000S\000t\000u\000d\000i\000u\000\040\000d\000e\000\040\000p\000i\000a\002\033\001\003\000\040\000/\000\040\000S\000o\000l\000u\002\033\000i\000i\000\040\000e\000x\000i\000s\000t\000e\000n\000t\000e}{}% 19
\BOOKMARK [1][-]{section.3.1}{\376\377\0003\000.\0001\000\040\000A\000l\000t\000e\000\040\000s\000o\000l\000u\002\033\000i\000i\000\040\000e\000x\000i\000s\000t\000e\000n\000t\000e}{chapter.3}% 20
\BOOKMARK [2][-]{subsection.3.1.1}{\376\377\0003\000.\0001\000.\0001\000\040\000S\000o\000l\000u\000t\000i\000a\000\040\0001}{section.3.1}% 21
\BOOKMARK [2][-]{subsection.3.1.2}{\376\377\0003\000.\0001\000.\0002\000\040\000S\000o\000l\000u\000t\000i\000a\000\040\0002}{section.3.1}% 22
\BOOKMARK [2][-]{subsection.3.1.3}{\376\377\0003\000.\0001\000.\0003\000\040\000S\000o\000l\000u\000t\000i\000a\000\040\0003}{section.3.1}% 23
\BOOKMARK [2][-]{subsection.3.1.4}{\376\377\0003\000.\0001\000.\0004\000\040\000S\000o\000l\000u\000t\000i\000a\000\040\0004}{section.3.1}% 24
\BOOKMARK [1][-]{section.3.2}{\376\377\0003\000.\0002\000\040\000R\000a\000p\000o\000r\000t\000a\000r\000e\000a\000\040\000l\000a\000\040\000a\000l\000t\000e\000\040\000s\000o\000l\000u\002\033\000i\000i}{chapter.3}% 25
\BOOKMARK [1][-]{section.3.3}{\376\377\0003\000.\0003\000\040\000P\000r\000o\000f\000i\000l\000u\000l\000\040\000u\000t\000i\000l\000i\000z\000a\000t\000o\000r\000u\000l\000u\000i\000\040\000d\000e\000s\000t\000i\000n\000a\000t\000\040\000s\000o\000l\000u\002\033\000i\000e\000i}{chapter.3}% 26
\BOOKMARK [0][-]{chapter.4}{\376\377\0004\000\040\000T\000e\000h\000n\000o\000l\000o\000g\000i\000i\000\040\000u\000t\000i\000l\000i\000z\000a\000t\000e\000\040\000\356\000n\000\040\000c\000a\000d\000r\000u\000l\000\040\000s\000o\000l\000u\002\033\000i\000e\000i\000\040\000p\000r\000o\000p\000u\000s\000e}{}% 27
\BOOKMARK [1][-]{section.4.1}{\376\377\0004\000.\0001\000\040\000A\000n\000a\000l\000i\000z\000a\000\040\000t\000e\000h\000n\000o\000l\000o\000g\000i\000i\000l\000o\000r}{chapter.4}% 28
\BOOKMARK [2][-]{subsection.4.1.1}{\376\377\0004\000.\0001\000.\0001\000\040\000I\000n\000f\000r\000a\000s\000t\000r\000u\000c\000t\000u\000r\001\003\000\040\002\031\000i\000\040\000p\000l\000a\000t\000f\000o\000r\000m\001\003}{section.4.1}% 29
\BOOKMARK [2][-]{subsection.4.1.2}{\376\377\0004\000.\0001\000.\0002\000\040\000F\000r\000o\000n\000t\000-\000e\000n\000d}{section.4.1}% 30
\BOOKMARK [2][-]{subsection.4.1.3}{\376\377\0004\000.\0001\000.\0003\000\040\000B\000a\000c\000k\000-\000e\000n\000d}{section.4.1}% 31
\BOOKMARK [2][-]{subsection.4.1.4}{\376\377\0004\000.\0001\000.\0004\000\040\000F\000r\000a\000m\000e\000w\000o\000r\000k\000\040\0003\000D}{section.4.1}% 32
\BOOKMARK [2][-]{subsection.4.1.5}{\376\377\0004\000.\0001\000.\0005\000\040\000B\000a\000z\000e\000\040\000d\000e\000\040\000d\000a\000t\000e}{section.4.1}% 33
\BOOKMARK [2][-]{subsection.4.1.6}{\376\377\0004\000.\0001\000.\0006\000\040\000M\000o\000n\000i\000t\000o\000r\000i\000z\000a\000r\000e}{section.4.1}% 34
\BOOKMARK [2][-]{subsection.4.1.7}{\376\377\0004\000.\0001\000.\0007\000\040\000D\000e\000p\000l\000o\000y\000m\000e\000n\000t\000\040\002\031\000i\000\040\000C\000I\000/\000C\000D}{section.4.1}% 35
\BOOKMARK [1][-]{section.4.2}{\376\377\0004\000.\0002\000\040\000S\000o\000l\000u\002\033\000i\000a\000\040\000U\000I\000/\000U\000X}{chapter.4}% 36
\BOOKMARK [2][-]{subsection.4.2.1}{\376\377\0004\000.\0002\000.\0001\000\040\000P\000a\000l\000e\000t\000a\000\040\000d\000e\000\040\000c\000u\000l\000o\000r\000i}{section.4.2}% 37
\BOOKMARK [2][-]{subsection.4.2.2}{\376\377\0004\000.\0002\000.\0002\000\040\000B\000r\000a\000n\000d\000i\000n\000g\000u\000l\000\040\000p\000r\000o\000i\000e\000c\000t\000u\000l\000u\000i}{section.4.2}% 38
\BOOKMARK [2][-]{subsection.4.2.3}{\376\377\0004\000.\0002\000.\0003\000\040\000D\000e\000s\000i\000g\000n\000u\000l\000\040\000i\000n\000t\000e\000r\000f\000e\002\033\000e\000i\000\040\000u\000t\000i\000l\000i\000z\000a\000t\000o\000r\000u\000l\000u\000i}{section.4.2}% 39
\BOOKMARK [2][-]{subsection.4.2.4}{\376\377\0004\000.\0002\000.\0004\000\040\000E\000x\000p\000e\000r\000i\000e\000n\002\033\000a\000\040\000u\000t\000i\000l\000i\000z\000a\000t\000o\000r\000u\000l\000u\000i}{section.4.2}% 40
\BOOKMARK [2][-]{subsection.4.2.5}{\376\377\0004\000.\0002\000.\0005\000\040\000C\000r\000e\000a\000r\000e\000a\000\040\000c\000o\000m\000p\000o\000n\000e\000n\000t\000e\000l\000o\000r\000\040\000U\000I}{section.4.2}% 41
\BOOKMARK [1][-]{section.4.3}{\376\377\0004\000.\0003\000\040\000S\000o\000l\000u\002\033\000i\000a\000\040\000d\000e\000\040\000b\000a\000c\000k\000-\000e\000n\000d}{chapter.4}% 42
\BOOKMARK [2][-]{subsection.4.3.1}{\376\377\0004\000.\0003\000.\0001\000\040\000D\000e\000s\000c\000r\000i\000e\000r\000e\000a\000\040\000a\000r\000h\000i\000t\000e\000c\000t\000u\000r\000i\000i}{section.4.3}% 43
\BOOKMARK [2][-]{subsection.4.3.2}{\376\377\0004\000.\0003\000.\0002\000\040\000D\000e\000s\000c\000r\000i\000e\000r\000e\000a\000\040\000s\000e\000r\000v\000i\000c\000i\000i\000l\000o\000r}{section.4.3}% 44
\BOOKMARK [2][-]{subsection.4.3.3}{\376\377\0004\000.\0003\000.\0003\000\040\000S\000e\000c\000u\000r\000i\000t\000a\000t\000e}{section.4.3}% 45
\BOOKMARK [2][-]{subsection.4.3.4}{\376\377\0004\000.\0003\000.\0004\000\040\000D\000e\000s\000c\000r\000i\000e\000r\000e\000a\000\040\000A\000P\000I\000-\000u\000r\000i\000l\000o\000r}{section.4.3}% 46
\BOOKMARK [2][-]{subsection.4.3.5}{\376\377\0004\000.\0003\000.\0005\000\040\000C\000o\000n\000f\000i\000g\000u\000r\000a\000r\000e\000a\000\040\000c\000l\000u\000s\000t\000e\000r\000u\000l\000u\000i}{section.4.3}% 47
\BOOKMARK [2][-]{subsection.4.3.6}{\376\377\0004\000.\0003\000.\0006\000\040\000R\000u\000t\000a\000r\000e\000a\000\040\002\031\000i\000\040\000g\000e\000s\000t\000i\000o\000n\000a\000r\000e\000a\000\040\000t\000r\000a\000f\000i\000c\000u\000l\000u\000i}{section.4.3}% 48
\BOOKMARK [2][-]{subsection.4.3.7}{\376\377\0004\000.\0003\000.\0007\000\040\000D\000e\000p\000l\000o\000y\000m\000e\000n\000t}{section.4.3}% 49
\BOOKMARK [2][-]{subsection.4.3.8}{\376\377\0004\000.\0003\000.\0008\000\040\000C\000I\000/\000C\000D}{section.4.3}% 50
\BOOKMARK [2][-]{subsection.4.3.9}{\376\377\0004\000.\0003\000.\0009\000\040\000M\000e\000t\000r\000i\000c\000i\000\040\000/\000\040\000M\000o\000n\000i\000t\000o\000r\000i\000z\000a\000r\000e}{section.4.3}% 51
\BOOKMARK [1][-]{section.4.4}{\376\377\0004\000.\0004\000\040\000S\000o\000l\000u\002\033\000i\000a\000\040\000d\000e\000\040\000c\000r\000e\000a\000r\000e\000\040\000a\000\040\000s\000c\000e\000n\000e\000l\000o\000r\000\040\0003\000D}{chapter.4}% 52
\BOOKMARK [2][-]{subsection.4.4.1}{\376\377\0004\000.\0004\000.\0001\000\040\000U\000t\000i\000l\000i\000z\000a\000r\000e\000a\000\040\000t\000e\000h\000n\000o\000l\000o\000g\000i\000i\000l\000o\000r\000\040\000W\000e\000b\000G\000L\000\040\002\031\000i\000\040\000T\000h\000r\000e\000e\000.\000j\000s}{section.4.4}% 53
\BOOKMARK [2][-]{subsection.4.4.2}{\376\377\0004\000.\0004\000.\0002\000\040\000C\000r\000e\000a\000r\000e\000a\000\040\002\031\000i\000\040\000g\000e\000s\000t\000i\000o\000n\000a\000r\000e\000a\000\040\000s\000c\000e\000n\000e\000l\000o\000r\000\040\0003\000D}{section.4.4}% 54
\BOOKMARK [2][-]{subsection.4.4.3}{\376\377\0004\000.\0004\000.\0003\000\040\000I\000n\000t\000e\000r\000a\000c\002\033\000i\000u\000n\000e\000a\000\040\000c\000u\000\040\000o\000b\000i\000e\000c\000t\000e\000l\000e\000\040\0003\000D}{section.4.4}% 55
\BOOKMARK [2][-]{subsection.4.4.4}{\376\377\0004\000.\0004\000.\0004\000\040\000O\000p\000t\000i\000m\000i\000z\000a\000r\000e\000a\000\040\000p\000e\000r\000f\000o\000r\000m\000a\000n\002\033\000e\000i\000\040\000g\000r\000a\000f\000i\000c\000i\000i\000\040\0003\000D}{section.4.4}% 56
\BOOKMARK [2][-]{subsection.4.4.5}{\376\377\0004\000.\0004\000.\0005\000\040\000I\000n\000t\000e\000g\000r\000a\000r\000e\000a\000\040\000c\000u\000\040\000f\000r\000o\000n\000t\000e\000n\000d\000u\000l}{section.4.4}% 57
\BOOKMARK [1][-]{section.4.5}{\376\377\0004\000.\0005\000\040\000S\000o\000l\000u\002\033\000i\000a\000\040\000d\000e\000\040\000b\000a\000z\000e\000\040\000d\000e\000\040\000d\000a\000t\000e}{chapter.4}% 58
\BOOKMARK [2][-]{subsection.4.5.1}{\376\377\0004\000.\0005\000.\0001\000\040\000T\000i\000p\000u\000r\000i\000\040\000d\000e\000\040\000b\000a\000z\000e\000\040\000d\000e\000\040\000d\000a\000t\000e\000\040\000u\000t\000i\000l\000i\000z\000a\000t\000e\000\040\000/\000\040\000M\000o\000t\000i\000v\000a\002\033\000i\000a\000\040\000a\000l\000e\000g\000e\000r\000i\000i}{section.4.5}% 59
\BOOKMARK [2][-]{subsection.4.5.2}{\376\377\0004\000.\0005\000.\0002\000\040\000S\000t\000r\000u\000c\000t\000u\000r\000a\000\040\000b\000a\000z\000e\000i\000\040\000d\000e\000\040\000d\000a\000t\000e}{section.4.5}% 60
\BOOKMARK [2][-]{subsection.4.5.3}{\376\377\0004\000.\0005\000.\0003\000\040\000G\000e\000s\000t\000i\000o\000n\000a\000r\000e\000a\000\040\000d\000a\000t\000e\000l\000o\000r}{section.4.5}% 61
\BOOKMARK [2][-]{subsection.4.5.4}{\376\377\0004\000.\0005\000.\0004\000\040\000S\000e\000c\000u\000r\000i\000t\000a\000t\000e\000a\000\040\000d\000a\000t\000e\000l\000o\000r}{section.4.5}% 62
\BOOKMARK [2][-]{subsection.4.5.5}{\376\377\0004\000.\0005\000.\0005\000\040\000B\000a\000c\000k\000u\000p\000\040\002\031\000i\000\040\000r\000e\000s\000t\000a\000u\000r\000a\000r\000e}{section.4.5}% 63
\BOOKMARK [2][-]{subsection.4.5.6}{\376\377\0004\000.\0005\000.\0006\000\040\000P\000e\000r\000f\000o\000r\000m\000a\000n\002\033\000a\000\040\002\031\000i\000\040\000s\000c\000a\000l\000a\000b\000i\000l\000i\000t\000a\000t\000e\000a\000\040\000b\000a\000z\000e\000i\000\040\000d\000e\000\040\000d\000a\000t\000e}{section.4.5}% 64
\BOOKMARK [2][-]{subsection.4.5.7}{\376\377\0004\000.\0005\000.\0007\000\040\000I\000n\000t\000e\000g\000r\000a\000r\000e\000a\000\040\000c\000u\000\040\000b\000a\000c\000k\000-\000e\000n\000d\000u\000l}{section.4.5}% 65
\BOOKMARK [1][-]{section.4.6}{\376\377\0004\000.\0006\000\040\000F\000u\000n\000c\002\033\000i\000o\000n\000a\000l\000i\000t\001\003\002\033\000i\000l\000e\000\040\000p\000l\000a\000t\000f\000o\000r\000m\000e\000i}{chapter.4}% 66
\BOOKMARK [2][-]{subsection.4.6.1}{\376\377\0004\000.\0006\000.\0001\000\040\000C\000r\000e\000a\000r\000e\000\040\000c\000o\000n\000t\000\040\000s\000i\000\040\000a\000u\000t\000e\000n\000t\000i\000f\000i\000c\000a\000r\000e}{section.4.6}% 67
\BOOKMARK [2][-]{subsection.4.6.2}{\376\377\0004\000.\0006\000.\0002\000\040\000S\000i\000s\000t\000e\000m\000u\000l\000\040\000d\000e\000\040\000r\000o\000l\000u\000r\000i\000\040\002\031\000i\000\040\000p\000e\000r\000m\000i\000s\000i\000u\000n\000i}{section.4.6}% 68
\BOOKMARK [2][-]{subsection.4.6.3}{\376\377\0004\000.\0006\000.\0003\000\040\000M\000e\000n\000i\000u\000\040\000i\000n\000t\000e\000r\000a\000c\000t\000i\000v\000\040\0003\000D}{section.4.6}% 69
\BOOKMARK [2][-]{subsection.4.6.4}{\376\377\0004\000.\0006\000.\0004\000\040\000S\000e\000c\002\033\000i\000u\000n\000i\000\040\000e\000d\000u\000c\000a\002\033\000i\000o\000n\000a\000l\000e}{section.4.6}% 70
\BOOKMARK [2][-]{subsection.4.6.5}{\376\377\0004\000.\0006\000.\0005\000\040\000I\000n\000t\000e\000r\000a\000c\002\033\000i\000u\000n\000e\000a\000\040\000c\000u\000\040\000s\000c\000e\000n\000e\000l\000e\000\040\0003\000D\000\040\000e\000d\000u\000c\000a\002\033\000i\000o\000n\000a\000l\000e}{section.4.6}% 71
\BOOKMARK [2][-]{subsection.4.6.6}{\376\377\0004\000.\0006\000.\0006\000\040\000G\000e\000s\000t\000i\000o\000n\000a\000r\000e\000\040\000p\000r\000o\000f\000i\000l}{section.4.6}% 72
\BOOKMARK [2][-]{subsection.4.6.7}{\376\377\0004\000.\0006\000.\0007\000\040\000G\000e\000s\000t\000i\000o\000n\000a\000r\000e\000\040\000c\000l\000a\000s\000e}{section.4.6}% 73
\BOOKMARK [2][-]{subsection.4.6.8}{\376\377\0004\000.\0006\000.\0008\000\040\000G\000e\000s\000t\000i\000o\000n\000a\000r\000e\000\040\000e\000l\000e\000v\000i}{section.4.6}% 74
\BOOKMARK [2][-]{subsection.4.6.9}{\376\377\0004\000.\0006\000.\0009\000\040\000G\000e\000s\000t\000i\000o\000n\000a\000r\000e\000\040\000t\000e\000s\000t\000e}{section.4.6}% 75
\BOOKMARK [2][-]{subsection.4.6.10}{\376\377\0004\000.\0006\000.\0001\0000\000\040\000V\000i\000z\000u\000a\000l\000i\000z\000a\000r\000e\000\040\000r\000e\000z\000u\000l\000t\000a\000t\000e}{section.4.6}% 76
\BOOKMARK [0][-]{chapter.5}{\376\377\0005\000\040\000D\000e\000t\000a\000l\000i\000i\000\040\000d\000e\000\040\000i\000m\000p\000l\000e\000m\000e\000n\000t\000a\000r\000e}{}% 77
\BOOKMARK [1][-]{section.5.1}{\376\377\0005\000.\0001\000\040\000B\000a\000c\000k\000-\000e\000n\000d}{chapter.5}% 78
\BOOKMARK [2][-]{subsection.5.1.1}{\376\377\0005\000.\0001\000.\0001\000\040\000C\000o\000n\000f\000i\000g\000u\000r\000a\000r\000e\000\040\000b\000a\000c\000k\000-\000e\000n\000d}{section.5.1}% 79
\BOOKMARK [2][-]{subsection.5.1.2}{\376\377\0005\000.\0001\000.\0002\000\040\000D\000e\000z\000v\000o\000l\000t\000a\000r\000e\000\040\000b\000a\000c\000k\000-\000e\000n\000d}{section.5.1}% 80
\BOOKMARK [2][-]{subsection.5.1.3}{\376\377\0005\000.\0001\000.\0003\000\040\000C\000o\000n\000e\000c\000t\000i\000v\000i\000t\000a\000t\000e}{section.5.1}% 81
\BOOKMARK [1][-]{section.5.2}{\376\377\0005\000.\0002\000\040\000F\000r\000o\000n\000t\000-\000e\000n\000d}{chapter.5}% 82
\BOOKMARK [2][-]{subsection.5.2.1}{\376\377\0005\000.\0002\000.\0001\000\040\000C\000o\000n\000f\000i\000g\000u\000r\000a\000r\000e\000\040\000f\000r\000o\000n\000t\000-\000e\000n\000d}{section.5.2}% 83
\BOOKMARK [2][-]{subsection.5.2.2}{\376\377\0005\000.\0002\000.\0002\000\040\000D\000e\000z\000v\000o\000l\000t\000a\000r\000e\000\040\000f\000r\000o\000n\000t\000-\000e\000n\000d}{section.5.2}% 84
\BOOKMARK [2][-]{subsection.5.2.3}{\376\377\0005\000.\0002\000.\0003\000\040\000C\000o\000n\000e\000c\000t\000i\000v\000i\000t\000a\000t\000e}{section.5.2}% 85
\BOOKMARK [0][-]{chapter.6}{\376\377\0006\000\040\000S\000c\000e\000n\000a\000r\000i\000i\000\040\000d\000e\000\040\000u\000t\000i\000l\000i\000z\000a\000r\000e}{}% 86
\BOOKMARK [1][-]{section.6.1}{\376\377\0006\000.\0001\000\040\000\316\000n\000r\000e\000g\000i\000s\000t\000r\000a\000r\000e\000\040\000s\000i\000\040\000a\000u\000t\000e\000n\000t\000i\000f\000i\000c\000a\000r\000e\000\040\000u\000t\000i\000l\000i\000z\000a\000t\000o\000r}{chapter.6}% 87
\BOOKMARK [1][-]{section.6.2}{\376\377\0006\000.\0002\000\040\000E\000x\000p\000l\000o\000r\000a\000r\000e\000a\000\040\000m\000e\000n\000i\000u\000l\000\040\000p\000r\000i\000n\000c\000i\000p\000a\000l}{chapter.6}% 88
\BOOKMARK [1][-]{section.6.3}{\376\377\0006\000.\0003\000\040\000A\000c\000c\000e\000s\000a\000r\000e\000a\000\040\000s\000e\000c\002\033\000i\000u\000n\000i\000l\000o\000r\000\040\000e\000d\000u\000c\000a\002\033\000i\000o\000n\000a\000l\000e}{chapter.6}% 89
\BOOKMARK [1][-]{section.6.4}{\376\377\0006\000.\0004\000\040\000I\000n\000t\000e\000r\000a\000c\002\033\000i\000u\000n\000e\000a\000\040\000c\000u\000\040\000s\000c\000e\000n\000e\000l\000e\000\040\0003\000D\000\040\000e\000d\000u\000c\000a\002\033\000i\000o\000n\000a\000l\000e}{chapter.6}% 90
\BOOKMARK [1][-]{section.6.5}{\376\377\0006\000.\0005\000\040\000G\000e\000s\000t\000i\000o\000n\000a\000r\000e\000a\000\040\000p\000r\000o\000f\000i\000l\000u\000l\000u\000i\000\040\000d\000e\000\040\000p\000r\000o\000f\000e\000s\000o\000r}{chapter.6}% 91
\BOOKMARK [2][-]{subsection.6.5.1}{\376\377\0006\000.\0005\000.\0001\000\040\000C\000r\000e\000a\000r\000e\000a\000\040\000d\000e\000\040\000c\000l\000a\000s\000e\000\040\002\031\000i\000\040\000g\000e\000s\000t\000i\000o\000n\000a\000r\000e\000a\000\040\000e\000l\000e\000v\000i\000l\000o\000r}{section.6.5}% 92
\BOOKMARK [2][-]{subsection.6.5.2}{\376\377\0006\000.\0005\000.\0002\000\040\000C\000r\000e\000a\000r\000e\000a\000\040\000d\000e\000\040\000t\000e\000s\000t\000e\000\040\002\031\000i\000\040\000g\000e\000s\000t\000i\000o\000n\000a\000r\000e\000a\000\040\000l\000o\000r}{section.6.5}% 93
\BOOKMARK [2][-]{subsection.6.5.3}{\376\377\0006\000.\0005\000.\0003\000\040\000V\000i\000z\000u\000a\000l\000i\000z\000a\000r\000e\000a\000\040\000r\000e\000z\000u\000l\000t\000a\000t\000e\000l\000o\000r}{section.6.5}% 94
\BOOKMARK [1][-]{section.6.6}{\376\377\0006\000.\0006\000\040\000G\000e\000s\000t\000i\000o\000n\000a\000r\000e\000a\000\040\000c\000o\000n\000t\000u\000l\000u\000i\000\040\000d\000e\000\040\000e\000l\000e\000v}{chapter.6}% 95
\BOOKMARK [2][-]{subsection.6.6.1}{\376\377\0006\000.\0006\000.\0001\000\040\000I\000n\000t\000r\000a\000r\000e\000a\000\040\000\356\000n\000\040\000c\000l\000a\000s\000e\000l\000e\000\040\000p\000r\000o\000f\000e\000s\000o\000r\000u\000l\000u\000i}{section.6.6}% 96
\BOOKMARK [2][-]{subsection.6.6.2}{\376\377\0006\000.\0006\000.\0002\000\040\000A\000c\000c\000e\000s\000a\000r\000e\000a\000\040\000t\000e\000s\000t\000e\000l\000o\000r\000\040\002\031\000i\000\040\000v\000i\000z\000u\000a\000l\000i\000z\000a\000r\000e\000a\000\040\000r\000e\000z\000u\000l\000t\000a\000t\000e\000l\000o\000r}{section.6.6}% 97
\BOOKMARK [2][-]{subsection.6.6.3}{\376\377\0006\000.\0006\000.\0003\000\040\000R\000e\000z\000o\000l\000v\000a\000r\000e\000a\000\040\000t\000e\000s\000t\000e\000l\000o\000r}{section.6.6}% 98
\BOOKMARK [0][-]{chapter.7}{\376\377\0007\000\040\000E\000v\000a\000l\000u\000a\000r\000e\000a\000\040\000i\000m\000p\000l\000e\000m\000e\000n\000t\001\003\000r\000i\000i}{}% 99
\BOOKMARK [1][-]{section.7.1}{\376\377\0007\000.\0001\000\040\000E\000v\000a\000l\000u\000a\000r\000e\000a\000\040\000b\000a\000c\000k\000-\000e\000n\000d\000u\000l\000u\000i}{chapter.7}% 100
\BOOKMARK [2][-]{subsection.7.1.1}{\376\377\0007\000.\0001\000.\0001\000\040\000T\000e\000s\000t\000a\000r\000e\000a\000\040\000b\000a\000c\000k\000-\000e\000n\000d\000u\000l\000u\000i}{section.7.1}% 101
\BOOKMARK [2][-]{subsection.7.1.2}{\376\377\0007\000.\0001\000.\0002\000\040\000M\000o\000n\000i\000t\000o\000r\000i\000z\000a\000r\000e\000a\000\040\000b\000a\000c\000k\000-\000e\000n\000d\000u\000l\000u\000i}{section.7.1}% 102
\BOOKMARK [2][-]{subsection.7.1.3}{\376\377\0007\000.\0001\000.\0003\000\040\000E\000v\000a\000l\000u\000a\000r\000e\000a\000\040\000p\000e\000r\000f\000o\000r\000m\000a\000n\002\033\000e\000i\000\040\000b\000a\000c\000k\000-\000e\000n\000d\000u\000l\000u\000i}{section.7.1}% 103
\BOOKMARK [1][-]{section.7.2}{\376\377\0007\000.\0002\000\040\000E\000v\000a\000l\000u\000a\000r\000e\000a\000\040\000f\000r\000o\000n\000t\000-\000e\000n\000d\000u\000l\000u\000i}{chapter.7}% 104
\BOOKMARK [2][-]{subsection.7.2.1}{\376\377\0007\000.\0002\000.\0001\000\040\000T\000e\000s\000t\000a\000r\000e\000a\000\040\000f\000r\000o\000n\000t\000-\000e\000n\000d\000u\000l\000u\000i}{section.7.2}% 105
\BOOKMARK [2][-]{subsection.7.2.2}{\376\377\0007\000.\0002\000.\0002\000\040\000M\000o\000n\000i\000t\000o\000r\000i\000z\000a\000r\000e\000a\000\040\000f\000r\000o\000n\000t\000-\000e\000n\000d\000u\000l\000u\000i}{section.7.2}% 106
\BOOKMARK [2][-]{subsection.7.2.3}{\376\377\0007\000.\0002\000.\0003\000\040\000E\000v\000a\000l\000u\000a\000r\000e\000a\000\040\000p\000e\000r\000f\000o\000r\000m\000a\000n\002\033\000e\000i\000\040\000f\000r\000o\000n\000t\000-\000e\000n\000d\000u\000l\000u\000i}{section.7.2}% 107
\BOOKMARK [1][-]{section.7.3}{\376\377\0007\000.\0003\000\040\000T\000e\000s\000t\000a\000r\000e\000a\000\040\000i\000n\000f\000r\000a\000s\000t\000r\000u\000c\000t\000u\000r\000i\000i\000\040\000/\000\040\000P\000l\000a\000t\000f\000o\000r\000m\000e\000i}{chapter.7}% 108
\BOOKMARK [0][-]{chapter.8}{\376\377\0008\000\040\000C\000o\000n\000c\000l\000u\000z\000i\000i\000\040\002\031\000i\000\040\000p\000e\000r\000s\000p\000e\000c\000t\000i\000v\000e}{}% 109
\BOOKMARK [1][-]{section.8.1}{\376\377\0008\000.\0001\000\040\000C\000o\000n\000c\000l\000u\000z\000i\000i}{chapter.8}% 110
\BOOKMARK [1][-]{section.8.2}{\376\377\0008\000.\0002\000\040\000D\000e\000z\000v\000o\000l\000t\000a\000r\000e\000\040\000v\000i\000i\000t\000o\000a\000r\000e}{chapter.8}% 111
\BOOKMARK [0][-]{appendix.A}{\376\377\000A\000\040\000A\000n\000e\000x\000e}{}% 112
